<?xml version="1.0" encoding="UTF-8"?>
<!-- Generated by org.testng.reporters.JUnitReportReporter -->
<testsuite skipped="0" hostname="Hanaels-MacBook-Air.local" name="Testng.Automation$yourLogoClass" tests="1" failures="0" timestamp="23 Jun 2017 15:39:10 GMT" time="19.873" errors="0">
  <testcase name="seleniumTesting" time="19.873" classname="Testng.Automation$yourLogoClass"/>
</testsuite> <!-- Testng.Automation$yourLogoClass -->
